<?xml version="1.0" encoding="UTF-8"?>
<testng-results ignored="0" total="10" passed="9" failed="1" skipped="0">
  <reporter-output>
  </reporter-output>
  <suite started-at="2021-04-21T23:32:40 ICT" name="Default suite" finished-at="2021-04-21T23:34:53 ICT" duration-ms="132925">
    <groups>
    </groups>
    <test started-at="2021-04-21T23:32:40 ICT" name="Default test" finished-at="2021-04-21T23:34:53 ICT" duration-ms="132925">
      <class name="com.ltk.selenuim.test.TestScenario1">
        <test-method is-config="true" signature="initDriver()[pri:0, instance:com.ltk.selenuim.test.TestScenario1@47d9a273]" started-at="2021-04-21T23:32:40 ICT" name="initDriver" finished-at="2021-04-21T23:32:47 ICT" duration-ms="6796" status="PASS">
          <reporter-output>
          </reporter-output>
        </test-method> <!-- initDriver -->
        <test-method signature="testCase01()[pri:0, instance:com.ltk.selenuim.test.TestScenario1@47d9a273]" started-at="2021-04-21T23:32:47 ICT" name="testCase01" finished-at="2021-04-21T23:32:49 ICT" duration-ms="2275" status="PASS">
          <reporter-output>
          </reporter-output>
        </test-method> <!-- testCase01 -->
        <test-method is-config="true" signature="test_Cleaning()[pri:0, instance:com.ltk.selenuim.test.TestScenario1@47d9a273]" started-at="2021-04-21T23:32:49 ICT" name="test_Cleaning" finished-at="2021-04-21T23:32:50 ICT" duration-ms="1046" status="PASS">
          <reporter-output>
          </reporter-output>
        </test-method> <!-- test_Cleaning -->
        <test-method is-config="true" signature="initDriver()[pri:0, instance:com.ltk.selenuim.test.TestScenario1@47d9a273]" started-at="2021-04-21T23:32:50 ICT" name="initDriver" finished-at="2021-04-21T23:32:56 ICT" duration-ms="5938" status="PASS">
          <reporter-output>
          </reporter-output>
        </test-method> <!-- initDriver -->
        <test-method signature="testCase02()[pri:0, instance:com.ltk.selenuim.test.TestScenario1@47d9a273]" started-at="2021-04-21T23:32:56 ICT" name="testCase02" finished-at="2021-04-21T23:33:00 ICT" duration-ms="4442" status="PASS">
          <reporter-output>
          </reporter-output>
        </test-method> <!-- testCase02 -->
        <test-method is-config="true" signature="test_Cleaning()[pri:0, instance:com.ltk.selenuim.test.TestScenario1@47d9a273]" started-at="2021-04-21T23:33:00 ICT" name="test_Cleaning" finished-at="2021-04-21T23:33:01 ICT" duration-ms="964" status="PASS">
          <reporter-output>
          </reporter-output>
        </test-method> <!-- test_Cleaning -->
        <test-method is-config="true" signature="initDriver()[pri:0, instance:com.ltk.selenuim.test.TestScenario1@47d9a273]" started-at="2021-04-21T23:33:01 ICT" name="initDriver" finished-at="2021-04-21T23:33:08 ICT" duration-ms="6594" status="PASS">
          <reporter-output>
          </reporter-output>
        </test-method> <!-- initDriver -->
        <test-method signature="testCase03()[pri:0, instance:com.ltk.selenuim.test.TestScenario1@47d9a273]" started-at="2021-04-21T23:33:08 ICT" name="testCase03" finished-at="2021-04-21T23:33:12 ICT" duration-ms="4442" status="FAIL">
          <exception class="java.lang.AssertionError">
            <message>
              <![CDATA[TestCase3: Failed expected [http://localhost:8080/Forum/dang-nhap] but found [http://localhost:8080/Forum/dang-ky#]]]>
            </message>
            <full-stacktrace>
              <![CDATA[java.lang.AssertionError: TestCase3: Failed expected [http://localhost:8080/Forum/dang-nhap] but found [http://localhost:8080/Forum/dang-ky#]
at org.testng.Assert.fail(Assert.java:99)
at org.testng.Assert.failNotEquals(Assert.java:1037)
at org.testng.Assert.assertEqualsImpl(Assert.java:140)
at org.testng.Assert.assertEquals(Assert.java:122)
at org.testng.Assert.assertEquals(Assert.java:629)
at com.ltk.selenuim.test.TestScenario1.testCase03(TestScenario1.java:90)
at java.base/jdk.internal.reflect.NativeMethodAccessorImpl.invoke0(Native Method)
at java.base/jdk.internal.reflect.NativeMethodAccessorImpl.invoke(NativeMethodAccessorImpl.java:62)
at java.base/jdk.internal.reflect.DelegatingMethodAccessorImpl.invoke(DelegatingMethodAccessorImpl.java:43)
at java.base/java.lang.reflect.Method.invoke(Method.java:566)
at org.testng.internal.MethodInvocationHelper.invokeMethod(MethodInvocationHelper.java:132)
at org.testng.internal.TestInvoker.invokeMethod(TestInvoker.java:599)
at org.testng.internal.TestInvoker.invokeTestMethod(TestInvoker.java:174)
at org.testng.internal.MethodRunner.runInSequence(MethodRunner.java:46)
at org.testng.internal.TestInvoker$MethodInvocationAgent.invoke(TestInvoker.java:822)
at org.testng.internal.TestInvoker.invokeTestMethods(TestInvoker.java:147)
at org.testng.internal.TestMethodWorker.invokeTestMethods(TestMethodWorker.java:146)
at org.testng.internal.TestMethodWorker.run(TestMethodWorker.java:128)
at java.base/java.util.ArrayList.forEach(ArrayList.java:1540)
at org.testng.TestRunner.privateRun(TestRunner.java:764)
at org.testng.TestRunner.run(TestRunner.java:585)
at org.testng.SuiteRunner.runTest(SuiteRunner.java:384)
at org.testng.SuiteRunner.runSequentially(SuiteRunner.java:378)
at org.testng.SuiteRunner.privateRun(SuiteRunner.java:337)
at org.testng.SuiteRunner.run(SuiteRunner.java:286)
at org.testng.SuiteRunnerWorker.runSuite(SuiteRunnerWorker.java:53)
at org.testng.SuiteRunnerWorker.run(SuiteRunnerWorker.java:96)
at org.testng.TestNG.runSuitesSequentially(TestNG.java:1218)
at org.testng.TestNG.runSuitesLocally(TestNG.java:1140)
at org.testng.TestNG.runSuites(TestNG.java:1069)
at org.testng.TestNG.run(TestNG.java:1037)
at org.testng.remote.AbstractRemoteTestNG.run(AbstractRemoteTestNG.java:115)
at org.testng.remote.RemoteTestNG.initAndRun(RemoteTestNG.java:251)
at org.testng.remote.RemoteTestNG.main(RemoteTestNG.java:77)
]]>
            </full-stacktrace>
          </exception> <!-- java.lang.AssertionError -->
          <reporter-output>
          </reporter-output>
        </test-method> <!-- testCase03 -->
        <test-method is-config="true" signature="test_Cleaning()[pri:0, instance:com.ltk.selenuim.test.TestScenario1@47d9a273]" started-at="2021-04-21T23:33:12 ICT" name="test_Cleaning" finished-at="2021-04-21T23:33:14 ICT" duration-ms="1326" status="PASS">
          <reporter-output>
          </reporter-output>
        </test-method> <!-- test_Cleaning -->
        <test-method is-config="true" signature="initDriver()[pri:0, instance:com.ltk.selenuim.test.TestScenario1@47d9a273]" started-at="2021-04-21T23:33:14 ICT" name="initDriver" finished-at="2021-04-21T23:33:20 ICT" duration-ms="6769" status="PASS">
          <reporter-output>
          </reporter-output>
        </test-method> <!-- initDriver -->
        <test-method signature="testCase04()[pri:0, instance:com.ltk.selenuim.test.TestScenario1@47d9a273]" started-at="2021-04-21T23:33:20 ICT" name="testCase04" finished-at="2021-04-21T23:33:27 ICT" duration-ms="6958" status="PASS">
          <reporter-output>
          </reporter-output>
        </test-method> <!-- testCase04 -->
        <test-method is-config="true" signature="test_Cleaning()[pri:0, instance:com.ltk.selenuim.test.TestScenario1@47d9a273]" started-at="2021-04-21T23:33:27 ICT" name="test_Cleaning" finished-at="2021-04-21T23:33:29 ICT" duration-ms="1355" status="PASS">
          <reporter-output>
          </reporter-output>
        </test-method> <!-- test_Cleaning -->
        <test-method is-config="true" signature="initDriver()[pri:0, instance:com.ltk.selenuim.test.TestScenario1@47d9a273]" started-at="2021-04-21T23:33:29 ICT" name="initDriver" finished-at="2021-04-21T23:33:35 ICT" duration-ms="6566" status="PASS">
          <reporter-output>
          </reporter-output>
        </test-method> <!-- initDriver -->
        <test-method signature="testCase05()[pri:0, instance:com.ltk.selenuim.test.TestScenario1@47d9a273]" started-at="2021-04-21T23:33:35 ICT" name="testCase05" finished-at="2021-04-21T23:33:42 ICT" duration-ms="6785" status="PASS">
          <reporter-output>
          </reporter-output>
        </test-method> <!-- testCase05 -->
        <test-method is-config="true" signature="test_Cleaning()[pri:0, instance:com.ltk.selenuim.test.TestScenario1@47d9a273]" started-at="2021-04-21T23:33:42 ICT" name="test_Cleaning" finished-at="2021-04-21T23:33:43 ICT" duration-ms="950" status="PASS">
          <reporter-output>
          </reporter-output>
        </test-method> <!-- test_Cleaning -->
        <test-method is-config="true" signature="initDriver()[pri:0, instance:com.ltk.selenuim.test.TestScenario1@47d9a273]" started-at="2021-04-21T23:33:43 ICT" name="initDriver" finished-at="2021-04-21T23:33:49 ICT" duration-ms="5945" status="PASS">
          <reporter-output>
          </reporter-output>
        </test-method> <!-- initDriver -->
        <test-method signature="testCase06()[pri:0, instance:com.ltk.selenuim.test.TestScenario1@47d9a273]" started-at="2021-04-21T23:33:49 ICT" name="testCase06" finished-at="2021-04-21T23:33:56 ICT" duration-ms="6799" status="PASS">
          <reporter-output>
          </reporter-output>
        </test-method> <!-- testCase06 -->
        <test-method is-config="true" signature="test_Cleaning()[pri:0, instance:com.ltk.selenuim.test.TestScenario1@47d9a273]" started-at="2021-04-21T23:33:56 ICT" name="test_Cleaning" finished-at="2021-04-21T23:33:57 ICT" duration-ms="937" status="PASS">
          <reporter-output>
          </reporter-output>
        </test-method> <!-- test_Cleaning -->
        <test-method is-config="true" signature="initDriver()[pri:0, instance:com.ltk.selenuim.test.TestScenario1@47d9a273]" started-at="2021-04-21T23:33:57 ICT" name="initDriver" finished-at="2021-04-21T23:34:03 ICT" duration-ms="6023" status="PASS">
          <reporter-output>
          </reporter-output>
        </test-method> <!-- initDriver -->
        <test-method signature="testCase07()[pri:0, instance:com.ltk.selenuim.test.TestScenario1@47d9a273]" started-at="2021-04-21T23:34:03 ICT" name="testCase07" finished-at="2021-04-21T23:34:09 ICT" duration-ms="6711" status="PASS">
          <reporter-output>
          </reporter-output>
        </test-method> <!-- testCase07 -->
        <test-method is-config="true" signature="test_Cleaning()[pri:0, instance:com.ltk.selenuim.test.TestScenario1@47d9a273]" started-at="2021-04-21T23:34:09 ICT" name="test_Cleaning" finished-at="2021-04-21T23:34:10 ICT" duration-ms="979" status="PASS">
          <reporter-output>
          </reporter-output>
        </test-method> <!-- test_Cleaning -->
        <test-method is-config="true" signature="initDriver()[pri:0, instance:com.ltk.selenuim.test.TestScenario1@47d9a273]" started-at="2021-04-21T23:34:10 ICT" name="initDriver" finished-at="2021-04-21T23:34:17 ICT" duration-ms="6653" status="PASS">
          <reporter-output>
          </reporter-output>
        </test-method> <!-- initDriver -->
        <test-method signature="testCase08()[pri:0, instance:com.ltk.selenuim.test.TestScenario1@47d9a273]" started-at="2021-04-21T23:34:17 ICT" name="testCase08" finished-at="2021-04-21T23:34:24 ICT" duration-ms="6758" status="PASS">
          <reporter-output>
          </reporter-output>
        </test-method> <!-- testCase08 -->
        <test-method is-config="true" signature="test_Cleaning()[pri:0, instance:com.ltk.selenuim.test.TestScenario1@47d9a273]" started-at="2021-04-21T23:34:24 ICT" name="test_Cleaning" finished-at="2021-04-21T23:34:25 ICT" duration-ms="1150" status="PASS">
          <reporter-output>
          </reporter-output>
        </test-method> <!-- test_Cleaning -->
        <test-method is-config="true" signature="initDriver()[pri:0, instance:com.ltk.selenuim.test.TestScenario1@47d9a273]" started-at="2021-04-21T23:34:25 ICT" name="initDriver" finished-at="2021-04-21T23:34:31 ICT" duration-ms="5900" status="PASS">
          <reporter-output>
          </reporter-output>
        </test-method> <!-- initDriver -->
        <test-method signature="testCase09()[pri:0, instance:com.ltk.selenuim.test.TestScenario1@47d9a273]" started-at="2021-04-21T23:34:31 ICT" name="testCase09" finished-at="2021-04-21T23:34:38 ICT" duration-ms="6791" status="PASS">
          <reporter-output>
          </reporter-output>
        </test-method> <!-- testCase09 -->
        <test-method is-config="true" signature="test_Cleaning()[pri:0, instance:com.ltk.selenuim.test.TestScenario1@47d9a273]" started-at="2021-04-21T23:34:38 ICT" name="test_Cleaning" finished-at="2021-04-21T23:34:39 ICT" duration-ms="1074" status="PASS">
          <reporter-output>
          </reporter-output>
        </test-method> <!-- test_Cleaning -->
        <test-method is-config="true" signature="initDriver()[pri:0, instance:com.ltk.selenuim.test.TestScenario1@47d9a273]" started-at="2021-04-21T23:34:39 ICT" name="initDriver" finished-at="2021-04-21T23:34:45 ICT" duration-ms="6142" status="PASS">
          <reporter-output>
          </reporter-output>
        </test-method> <!-- initDriver -->
        <test-method signature="testCase10()[pri:0, instance:com.ltk.selenuim.test.TestScenario1@47d9a273]" started-at="2021-04-21T23:34:45 ICT" name="testCase10" finished-at="2021-04-21T23:34:52 ICT" duration-ms="6744" status="PASS">
          <reporter-output>
          </reporter-output>
        </test-method> <!-- testCase10 -->
        <test-method is-config="true" signature="test_Cleaning()[pri:0, instance:com.ltk.selenuim.test.TestScenario1@47d9a273]" started-at="2021-04-21T23:34:52 ICT" name="test_Cleaning" finished-at="2021-04-21T23:34:53 ICT" duration-ms="965" status="PASS">
          <reporter-output>
          </reporter-output>
        </test-method> <!-- test_Cleaning -->
        <test-method is-config="true" signature="quitDriver()[pri:0, instance:com.ltk.selenuim.test.TestScenario1@47d9a273]" started-at="2021-04-21T23:34:53 ICT" name="quitDriver" finished-at="2021-04-21T23:34:53 ICT" duration-ms="79" status="FAIL">
          <exception class="org.openqa.selenium.NoSuchSessionException">
            <message>
              <![CDATA[Tried to run command without establishing a connection
Build info: version: '3.9.1', revision: '63f7b50', time: '2018-02-07T22:42:28.403Z'
System info: host: 'DESKTOP-HJ56G3A', ip: '192.168.231.1', os.name: 'Windows 10', os.arch: 'amd64', os.version: '10.0', java.version: '11.0.1'
Driver info: org.openqa.selenium.firefox.FirefoxDriver
Capabilities {acceptInsecureCerts: true, browserName: firefox, browserVersion: 89.0, javascriptEnabled: true, moz:accessibilityChecks: false, moz:buildID: 20210420191345, moz:geckodriverVersion: 0.26.0, moz:headless: false, moz:processID: 11660, moz:profile: C:\Users\asus\AppData\Local..., moz:shutdownTimeout: 60000, moz:useNonSpecCompliantPointerOrigin: false, moz:webdriverClick: true, pageLoadStrategy: normal, platform: WINDOWS, platformName: WINDOWS, platformVersion: 10.0, setWindowRect: true, strictFileInteractability: false, timeouts: {implicit: 0, pageLoad: 300000, script: 30000}, unhandledPromptBehavior: dismiss and notify}
Session ID: 4f27a2b5-a30f-47bf-b1f3-6aa5ce2f7762]]>
            </message>
            <full-stacktrace>
              <![CDATA[org.openqa.selenium.NoSuchSessionException: Tried to run command without establishing a connection
Build info: version: '3.9.1', revision: '63f7b50', time: '2018-02-07T22:42:28.403Z'
System info: host: 'DESKTOP-HJ56G3A', ip: '192.168.231.1', os.name: 'Windows 10', os.arch: 'amd64', os.version: '10.0', java.version: '11.0.1'
Driver info: org.openqa.selenium.firefox.FirefoxDriver
Capabilities {acceptInsecureCerts: true, browserName: firefox, browserVersion: 89.0, javascriptEnabled: true, moz:accessibilityChecks: false, moz:buildID: 20210420191345, moz:geckodriverVersion: 0.26.0, moz:headless: false, moz:processID: 11660, moz:profile: C:\Users\asus\AppData\Local..., moz:shutdownTimeout: 60000, moz:useNonSpecCompliantPointerOrigin: false, moz:webdriverClick: true, pageLoadStrategy: normal, platform: WINDOWS, platformName: WINDOWS, platformVersion: 10.0, setWindowRect: true, strictFileInteractability: false, timeouts: {implicit: 0, pageLoad: 300000, script: 30000}, unhandledPromptBehavior: dismiss and notify}
Session ID: 4f27a2b5-a30f-47bf-b1f3-6aa5ce2f7762
at java.base/jdk.internal.reflect.NativeConstructorAccessorImpl.newInstance0(Native Method)
at java.base/jdk.internal.reflect.NativeConstructorAccessorImpl.newInstance(NativeConstructorAccessorImpl.java:62)
at java.base/jdk.internal.reflect.DelegatingConstructorAccessorImpl.newInstance(DelegatingConstructorAccessorImpl.java:45)
at java.base/java.lang.reflect.Constructor.newInstance(Constructor.java:490)
at org.openqa.selenium.remote.http.W3CHttpResponseCodec.createException(W3CHttpResponseCodec.java:187)
at org.openqa.selenium.remote.http.W3CHttpResponseCodec.decode(W3CHttpResponseCodec.java:122)
at org.openqa.selenium.remote.http.W3CHttpResponseCodec.decode(W3CHttpResponseCodec.java:49)
at org.openqa.selenium.remote.HttpCommandExecutor.execute(HttpCommandExecutor.java:160)
at org.openqa.selenium.remote.service.DriverCommandExecutor.execute(DriverCommandExecutor.java:83)
at org.openqa.selenium.remote.RemoteWebDriver.execute(RemoteWebDriver.java:601)
at org.openqa.selenium.remote.RemoteWebDriver.execute(RemoteWebDriver.java:658)
at org.openqa.selenium.remote.RemoteWebDriver.quit(RemoteWebDriver.java:497)
at com.ltk.selenuim.test.TestScenario1.quitDriver(TestScenario1.java:306)
at java.base/jdk.internal.reflect.NativeMethodAccessorImpl.invoke0(Native Method)
at java.base/jdk.internal.reflect.NativeMethodAccessorImpl.invoke(NativeMethodAccessorImpl.java:62)
at java.base/jdk.internal.reflect.DelegatingMethodAccessorImpl.invoke(DelegatingMethodAccessorImpl.java:43)
at java.base/java.lang.reflect.Method.invoke(Method.java:566)
at org.testng.internal.MethodInvocationHelper.invokeMethod(MethodInvocationHelper.java:132)
at org.testng.internal.MethodInvocationHelper.invokeMethodConsideringTimeout(MethodInvocationHelper.java:61)
at org.testng.internal.ConfigInvoker.invokeConfigurationMethod(ConfigInvoker.java:366)
at org.testng.internal.ConfigInvoker.invokeConfigurations(ConfigInvoker.java:320)
at org.testng.TestRunner.invokeTestConfigurations(TestRunner.java:617)
at org.testng.TestRunner.afterRun(TestRunner.java:847)
at org.testng.TestRunner.run(TestRunner.java:588)
at org.testng.SuiteRunner.runTest(SuiteRunner.java:384)
at org.testng.SuiteRunner.runSequentially(SuiteRunner.java:378)
at org.testng.SuiteRunner.privateRun(SuiteRunner.java:337)
at org.testng.SuiteRunner.run(SuiteRunner.java:286)
at org.testng.SuiteRunnerWorker.runSuite(SuiteRunnerWorker.java:53)
at org.testng.SuiteRunnerWorker.run(SuiteRunnerWorker.java:96)
at org.testng.TestNG.runSuitesSequentially(TestNG.java:1218)
at org.testng.TestNG.runSuitesLocally(TestNG.java:1140)
at org.testng.TestNG.runSuites(TestNG.java:1069)
at org.testng.TestNG.run(TestNG.java:1037)
at org.testng.remote.AbstractRemoteTestNG.run(AbstractRemoteTestNG.java:115)
at org.testng.remote.RemoteTestNG.initAndRun(RemoteTestNG.java:251)
at org.testng.remote.RemoteTestNG.main(RemoteTestNG.java:77)
]]>
            </full-stacktrace>
          </exception> <!-- org.openqa.selenium.NoSuchSessionException -->
          <reporter-output>
          </reporter-output>
        </test-method> <!-- quitDriver -->
      </class> <!-- com.ltk.selenuim.test.TestScenario1 -->
    </test> <!-- Default test -->
  </suite> <!-- Default suite -->
</testng-results>
